<?xml version="1.0" encoding="UTF-8"?>
<!-- Generated by org.testng.reporters.JUnitReportReporter -->
<testsuite skipped="0" hostname="Duhita-Laptop" name="test.AddCategoryTest" tests="1" failures="0" timestamp="09 Jul 2021 22:47:03 GMT" time="2.804" errors="0">
  <testcase name="validUserShouldBeAbleToAddCategory" time="2.804" classname="test.AddCategoryTest"/>
</testsuite> <!-- test.AddCategoryTest -->
