<?xml version="1.0" encoding="UTF-8"?>
<!-- Generated by org.testng.reporters.JUnitReportReporter -->
<testsuite skipped="0" hostname="Duhita-Laptop" name="test.ValidateMonthDropDownTest" tests="1" failures="0" timestamp="09 Jul 2021 22:09:04 GMT" time="2.074" errors="0">
  <testcase name="validUserShouldBeAbleToSelectMonth" time="2.074" classname="test.ValidateMonthDropDownTest"/>
</testsuite> <!-- test.ValidateMonthDropDownTest -->
